<?xml version="1.0" encoding="UTF-8"?>
<!-- Generated by org.testng.reporters.JUnitReportReporter -->
<testsuite hostname="DESKTOP-4H86CTH" failures="0" tests="1" name="com.testng.PracticeAssertion" time="0.009" errors="0" timestamp="2024-09-25T21:33:20 EDT" skipped="0">
  <testcase classname="com.testng.PracticeAssertion" name="getMoney" time="0.009"/>
</testsuite> <!-- com.testng.PracticeAssertion -->
