<?xml version="1.0" encoding="UTF-8"?>
<!-- Generated by org.testng.reporters.JUnitReportReporter -->
<testsuite hostname="DESKTOP-4H86CTH" failures="0" tests="1" name="com.testng.PracticeAnnotation" time="0.006" errors="0" timestamp="2024-09-25T20:33:02 EDT" skipped="0">
  <testcase classname="com.testng.PracticeAnnotation" name="getCart" time="0.006"/>
</testsuite> <!-- com.testng.PracticeAnnotation -->
