<?xml version="1.0" encoding="UTF-8"?>
<!-- Generated by org.testng.reporters.JUnitReportReporter -->
<testsuite hostname="DESKTOP-4H86CTH" failures="0" tests="1" name="com.testng.PracticeParameterTesstNG" time="0.005" errors="0" timestamp="2024-09-21T14:37:08 EDT" skipped="0">
  <testcase classname="com.testng.PracticeParameterTesstNG" name="getName" time="0.005"/>
</testsuite> <!-- com.testng.PracticeParameterTesstNG -->
