<?xml version="1.0" encoding="UTF-8"?>
<!-- Generated by org.testng.reporters.JUnitReportReporter -->
<testsuite hostname="DESKTOP-4H86CTH" failures="0" tests="1" name="com.testng.PracticeTestReportTestNG" time="10.415" errors="0" timestamp="2024-09-25T21:58:19 EDT" skipped="0">
  <testcase classname="com.testng.PracticeTestReportTestNG" name="getLogin" time="10.415"/>
</testsuite> <!-- com.testng.PracticeTestReportTestNG -->
