<?xml version="1.0" encoding="UTF-8"?>
<!-- Generated by org.testng.reporters.JUnitReportReporter -->
<testsuite hostname="DESKTOP-4H86CTH" failures="0" tests="1" name="com.testng.AutomationExerciseLogin" time="8.081" errors="0" timestamp="2024-09-28T11:53:06 EDT" skipped="0">
  <testcase classname="com.testng.AutomationExerciseLogin" name="getLogin" time="8.081"/>
</testsuite> <!-- com.testng.AutomationExerciseLogin -->
