<?xml version="1.0" encoding="UTF-8"?>
<!-- Generated by org.testng.reporters.JUnitReportReporter -->
<testsuite hostname="DESKTOP-4H86CTH" failures="0" tests="1" name="com.testng.PracticeDropdownTestNG" time="17.247" errors="0" timestamp="2024-09-21T14:56:54 EDT" skipped="0">
  <testcase classname="com.testng.PracticeDropdownTestNG" name="getDropdown" time="17.247"/>
</testsuite> <!-- com.testng.PracticeDropdownTestNG -->
