<?xml version="1.0" encoding="UTF-8"?>
<!-- Generated by org.testng.reporters.JUnitReportReporter -->
<testsuite hostname="DESKTOP-4H86CTH" failures="0" tests="4" name="com.runner.LoginRunner" time="0.178" errors="0" timestamp="2024-10-02T21:51:52 EDT" skipped="0">
  <testcase classname="com.runner.LoginRunner" name="runScenario" time="0.012"/>
  <testcase classname="com.runner.LoginRunner" name="runScenario" time="0.018"/>
  <testcase classname="com.runner.LoginRunner" name="runScenario" time="0.012"/>
  <testcase classname="com.runner.LoginRunner" name="runScenario" time="0.136"/>
</testsuite> <!-- com.runner.LoginRunner -->
