<?xml version="1.0" encoding="UTF-8"?>
<!-- Generated by org.testng.reporters.JUnitReportReporter -->
<testsuite hostname="DESKTOP-4H86CTH" failures="0" tests="4" name="com.runner.LoginRunner" time="0.177" errors="0" timestamp="10 Oct 2024 01:10:08 GMT" skipped="0">
  <testcase classname="com.runner.LoginRunner" name="runScenario" time="0.129"/>
  <testcase classname="com.runner.LoginRunner" name="runScenario" time="0.016"/>
  <testcase classname="com.runner.LoginRunner" name="runScenario" time="0.022"/>
  <testcase classname="com.runner.LoginRunner" name="runScenario" time="0.010"/>
</testsuite> <!-- com.runner.LoginRunner -->
